<?xml version="1.0" encoding="UTF-8"?>
<testng-results skipped="0" failed="0" total="1" passed="1">
  <reporter-output>
  </reporter-output>
  <suite name="Default suite" duration-ms="47" started-at="2023-08-08T01:35:22Z" finished-at="2023-08-08T01:35:22Z">
    <groups>
    </groups>
    <test name="Default test" duration-ms="47" started-at="2023-08-08T01:35:22Z" finished-at="2023-08-08T01:35:22Z">
      <class name="org.ba.VasuTestNg">
        <test-method status="PASS" signature="tc01()[pri:0, instance:org.ba.VasuTestNg@5c0369c4]" name="tc01" duration-ms="16" started-at="2023-08-08T07:05:22Z" finished-at="2023-08-08T07:05:22Z">
          <reporter-output>
          </reporter-output>
        </test-method> <!-- tc01 -->
      </class> <!-- org.ba.VasuTestNg -->
    </test> <!-- Default test -->
  </suite> <!-- Default suite -->
</testng-results>
